<?xml version="1.0" encoding="UTF-8"?>
<!-- Generated by org.testng.reporters.JUnitXMLReporter -->
<testsuite ignored="0" hostname="Rabina-Ridharv" failures="1" tests="2" name="Submit Order Test" time="14.493" errors="0" timestamp="2024-12-25T19:06:18 IST">
  <testcase classname="rabinaqueendom.Tests.StandAloneTest" name="submitOrders" time="11.153">
    <failure type="java.lang.NullPointerException" message="Cannot invoke &amp;quot;org.openqa.selenium.WebElement.findElement(org.openqa.selenium.By)&amp;quot; because &amp;quot;prod&amp;quot; is null">
      <![CDATA[java.lang.NullPointerException: Cannot invoke "org.openqa.selenium.WebElement.findElement(org.openqa.selenium.By)" because "prod" is null
at rabinaqueendom.pageObjects.ProductCatalogue.addProductToCart(ProductCatalogue.java:53)
at rabinaqueendom.Tests.StandAloneTest.submitOrders(StandAloneTest.java:34)
at java.base/java.util.ArrayList.forEach(ArrayList.java:1511)
at java.base/java.util.concurrent.FutureTask.run(FutureTask.java:264)
at java.base/java.util.concurrent.ThreadPoolExecutor.runWorker(ThreadPoolExecutor.java:1136)
at java.base/java.util.concurrent.ThreadPoolExecutor$Worker.run(ThreadPoolExecutor.java:635)
at java.base/java.lang.Thread.run(Thread.java:833)
... Removed 18 stack frames]]>
    </failure>
  </testcase> <!-- submitOrders -->
  <testcase classname="rabinaqueendom.Tests.StandAloneTest" name="orderList" time="0.0">
    <skipped/>
  </testcase> <!-- orderList -->
</testsuite> <!-- Submit Order Test -->
